# JRE version: Java(TM) SE Runtime Environment (8.0_66-b18) (build 1.8.0_66-b18)
# Java VM: Java HotSpot(TM) 64-Bit Server VM (25.66-b18 mixed mode windows-amd64 compressed oops)
Heap:
 PSYoungGen      total 226816K, used 31474K [0x00000000eab00000, 0x00000000fc380000, 0x0000000100000000)
  eden space 209408K, 8% used [0x00000000eab00000,0x00000000ebcda730,0x00000000f7780000)
  from space 17408K, 75% used [0x00000000f7780000,0x00000000f8462320,0x00000000f8880000)
  to   space 18432K, 0% used [0x00000000fb180000,0x00000000fb180000,0x00000000fc380000)
 ParOldGen       total 58368K, used 39948K [0x00000000c0000000, 0x00000000c3900000, 0x00000000eab00000)
  object space 58368K, 68% used [0x00000000c0000000,0x00000000c27030f0,0x00000000c3900000)
 Metaspace       used 55755K, capacity 57442K, committed 57600K, reserved 1099776K
  class space    used 7408K, capacity 7801K, committed 7936K, reserved 1048576K
GC Heap History (10 events):
Event: 53.981 GC heap before
{Heap before GC invocations=14 (full 2):
 PSYoungGen      total 146944K, used 146921K [0x00000000eab00000, 0x00000000f7300000, 0x0000000100000000)
  eden space 134144K, 100% used [0x00000000eab00000,0x00000000f2e00000,0x00000000f2e00000)
  from space 12800K, 99% used [0x00000000f2e00000,0x00000000f3a7a518,0x00000000f3a80000)
  to   space 14848K, 0% used [0x00000000f6480000,0x00000000f6480000,0x00000000f7300000)
 ParOldGen       total 58368K, used 23020K [0x00000000c0000000, 0x00000000c3900000, 0x00000000eab00000)
  object space 58368K, 39% used [0x00000000c0000000,0x00000000c167b120,0x00000000c3900000)
 Metaspace       used 46747K, capacity 48028K, committed 48256K, reserved 1091584K
  class space    used 6437K, capacity 6752K, committed 6784K, reserved 1048576K
Event: 54.031 GC heap after
Heap after GC invocations=14 (full 2):
 PSYoungGen      total 183808K, used 13017K [0x00000000eab00000, 0x00000000f7180000, 0x0000000100000000)
  eden space 170496K, 0% used [0x00000000eab00000,0x00000000eab00000,0x00000000f5180000)
  from space 13312K, 97% used [0x00000000f6480000,0x00000000f71365c8,0x00000000f7180000)
  to   space 16384K, 0% used [0x00000000f5180000,0x00000000f5180000,0x00000000f6180000)
 ParOldGen       total 58368K, used 33121K [0x00000000c0000000, 0x00000000c3900000, 0x00000000eab00000)
  object space 58368K, 56% used [0x00000000c0000000,0x00000000c2058528,0x00000000c3900000)
 Metaspace       used 46747K, capacity 48028K, committed 48256K, reserved 1091584K
  class space    used 6437K, capacity 6752K, committed 6784K, reserved 1048576K
}
Event: 70.042 GC heap before
{Heap before GC invocations=15 (full 2):
 PSYoungGen      total 183808K, used 183513K [0x00000000eab00000, 0x00000000f7180000, 0x0000000100000000)
  eden space 170496K, 100% used [0x00000000eab00000,0x00000000f5180000,0x00000000f5180000)
  from space 13312K, 97% used [0x00000000f6480000,0x00000000f71365c8,0x00000000f7180000)
  to   space 16384K, 0% used [0x00000000f5180000,0x00000000f5180000,0x00000000f6180000)
 ParOldGen       total 58368K, used 33121K [0x00000000c0000000, 0x00000000c3900000, 0x00000000eab00000)
  object space 58368K, 56% used [0x00000000c0000000,0x00000000c2058528,0x00000000c3900000)
 Metaspace       used 53682K, capacity 55104K, committed 55296K, reserved 1097728K
  class space    used 7248K, capacity 7600K, committed 7680K, reserved 1048576K
Event: 70.063 GC heap after
Heap after GC invocations=15 (full 2):
 PSYoungGen      total 186880K, used 10999K [0x00000000eab00000, 0x00000000f9900000, 0x0000000100000000)
  eden space 170496K, 0% used [0x00000000eab00000,0x00000000eab00000,0x00000000f5180000)
  from space 16384K, 67% used [0x00000000f5180000,0x00000000f5c3dd18,0x00000000f6180000)
  to   space 16896K, 0% used [0x00000000f8880000,0x00000000f8880000,0x00000000f9900000)
 ParOldGen       total 58368K, used 33129K [0x00000000c0000000, 0x00000000c3900000, 0x00000000eab00000)
  object space 58368K, 56% used [0x00000000c0000000,0x00000000c205a528,0x00000000c3900000)
 Metaspace       used 53682K, capacity 55104K, committed 55296K, reserved 1097728K
  class space    used 7248K, capacity 7600K, committed 7680K, reserved 1048576K
}
Event: 73.078 GC heap before
{Heap before GC invocations=16 (full 2):
 PSYoungGen      total 186880K, used 79449K [0x00000000eab00000, 0x00000000f9900000, 0x0000000100000000)
  eden space 170496K, 40% used [0x00000000eab00000,0x00000000eedd8910,0x00000000f5180000)
  from space 16384K, 67% used [0x00000000f5180000,0x00000000f5c3dd18,0x00000000f6180000)
  to   space 16896K, 0% used [0x00000000f8880000,0x00000000f8880000,0x00000000f9900000)
 ParOldGen       total 58368K, used 33129K [0x00000000c0000000, 0x00000000c3900000, 0x00000000eab00000)
  object space 58368K, 56% used [0x00000000c0000000,0x00000000c205a528,0x00000000c3900000)
 Metaspace       used 54973K, capacity 56568K, committed 56704K, reserved 1097728K
  class space    used 7371K, capacity 7778K, committed 7808K, reserved 1048576K
Event: 73.103 GC heap after
Heap after GC invocations=16 (full 2):
 PSYoungGen      total 226304K, used 11102K [0x00000000eab00000, 0x00000000f9a00000, 0x0000000100000000)
  eden space 209408K, 0% used [0x00000000eab00000,0x00000000eab00000,0x00000000f7780000)
  from space 16896K, 65% used [0x00000000f8880000,0x00000000f9357960,0x00000000f9900000)
  to   space 17408K, 0% used [0x00000000f7780000,0x00000000f7780000,0x00000000f8880000)
 ParOldGen       total 58368K, used 33137K [0x00000000c0000000, 0x00000000c3900000, 0x00000000eab00000)
  object space 58368K, 56% used [0x00000000c0000000,0x00000000c205c528,0x00000000c3900000)
 Metaspace       used 54973K, capacity 56568K, committed 56704K, reserved 1097728K
  class space    used 7371K, capacity 7778K, committed 7808K, reserved 1048576K
}
Event: 73.103 GC heap before
{Heap before GC invocations=17 (full 3):
 PSYoungGen      total 226304K, used 11102K [0x00000000eab00000, 0x00000000f9a00000, 0x0000000100000000)
  eden space 209408K, 0% used [0x00000000eab00000,0x00000000eab00000,0x00000000f7780000)
  from space 16896K, 65% used [0x00000000f8880000,0x00000000f9357960,0x00000000f9900000)
  to   space 17408K, 0% used [0x00000000f7780000,0x00000000f7780000,0x00000000f8880000)
 ParOldGen       total 58368K, used 33137K [0x00000000c0000000, 0x00000000c3900000, 0x00000000eab00000)
  object space 58368K, 56% used [0x00000000c0000000,0x00000000c205c528,0x00000000c3900000)
 Metaspace       used 54973K, capacity 56568K, committed 56704K, reserved 1097728K
  class space    used 7371K, capacity 7778K, committed 7808K, reserved 1048576K
Event: 73.552 GC heap after
Heap after GC invocations=17 (full 3):
 PSYoungGen      total 226304K, used 0K [0x00000000eab00000, 0x00000000f9a00000, 0x0000000100000000)
  eden space 209408K, 0% used [0x00000000eab00000,0x00000000eab00000,0x00000000f7780000)
  from space 16896K, 0% used [0x00000000f8880000,0x00000000f8880000,0x00000000f9900000)
  to   space 17408K, 0% used [0x00000000f7780000,0x00000000f7780000,0x00000000f8880000)
 ParOldGen       total 58368K, used 39940K [0x00000000c0000000, 0x00000000c3900000, 0x00000000eab00000)
  object space 58368K, 68% used [0x00000000c0000000,0x00000000c27010f0,0x00000000c3900000)
 Metaspace       used 54869K, capacity 56384K, committed 56704K, reserved 1097728K
  class space    used 7362K, capacity 7738K, committed 7808K, reserved 1048576K
}
Event: 99.252 GC heap before
{Heap before GC invocations=18 (full 3):
 PSYoungGen      total 226304K, used 209408K [0x00000000eab00000, 0x00000000f9a00000, 0x0000000100000000)
  eden space 209408K, 100% used [0x00000000eab00000,0x00000000f7780000,0x00000000f7780000)
  from space 16896K, 0% used [0x00000000f8880000,0x00000000f8880000,0x00000000f9900000)
  to   space 17408K, 0% used [0x00000000f7780000,0x00000000f7780000,0x00000000f8880000)
 ParOldGen       total 58368K, used 39940K [0x00000000c0000000, 0x00000000c3900000, 0x00000000eab00000)
  object space 58368K, 68% used [0x00000000c0000000,0x00000000c27010f0,0x00000000c3900000)
 Metaspace       used 55738K, capacity 57442K, committed 57600K, reserved 1099776K
  class space    used 7408K, capacity 7801K, committed 7936K, reserved 1048576K
Event: 99.291 GC heap after
Heap after GC invocations=18 (full 3):
 PSYoungGen      total 226816K, used 13192K [0x00000000eab00000, 0x00000000fc380000, 0x0000000100000000)
  eden space 209408K, 0% used [0x00000000eab00000,0x00000000eab00000,0x00000000f7780000)
  from space 17408K, 75% used [0x00000000f7780000,0x00000000f8462320,0x00000000f8880000)
  to   space 18432K, 0% used [0x00000000fb180000,0x00000000fb180000,0x00000000fc380000)
 ParOldGen       total 58368K, used 39948K [0x00000000c0000000, 0x00000000c3900000, 0x00000000eab00000)
  object space 58368K, 68% used [0x00000000c0000000,0x00000000c27030f0,0x00000000c3900000)
 Metaspace       used 55738K, capacity 57442K, committed 57600K, reserved 1099776K
  class space    used 7408K, capacity 7801K, committed 7936K, reserved 1048576K
}

